<?xml version="1.0" ?>
<testsuites disabled="0" errors="0" failures="55" tests="63" time="33.096722371999974">
	<testsuite disabled="0" errors="0" failures="55" name="schemathesis" skipped="0" tests="63" time="33.096722371999974" hostname="runnervmwffz4">
		<testcase name="PUT /api/supplier/orders/{orderId}/reject" time="1.975717">
			<failure type="failure" message="1. Test Case ID: eKckcz

- Server error

[500] Internal Server Error:

    `{&quot;error&quot;:&quot;JSON parse error: Unrecognized field \&quot;\&quot; (class com.frh.backend.dto.RejectOrderRequest), not marked as ignorable&quot;}`

Reproduce with: 

    curl -X PUT -H 'Content-Type: application/json' -d '{&quot;reason&quot;: &quot;&quot;, &quot;&quot;: null}' http://localhost:8080/api/supplier/orders/0/reject

2. Test Case ID: NZ3kv7

- Undocumented HTTP status code

    Received: 400
    Documented: 200

[400] Bad Request:

    `{&quot;timestamp&quot;:&quot;2026-02-08T18:29:58.537+00:00&quot;,&quot;status&quot;:400,&quot;error&quot;:&quot;Bad Request&quot;,&quot;path&quot;:&quot;/api/supplier/orders/0/reject&quot;}`

Reproduce with: 

    curl -X PUT -H 'Content-Type: application/json' -d '{&quot;reason&quot;: &quot;&quot;}' http://localhost:8080/api/supplier/orders/0/reject"/>
		</testcase>
		<testcase name="PUT /api/supplier/orders/{orderId}/cancel" time="0.335684">
			<failure type="failure" message="1. Test Case ID: uEi5Of

- Server error

[500] Internal Server Error:

    `{&quot;error&quot;:&quot;JSON parse error: Unrecognized field \&quot;\&quot; (class com.frh.backend.dto.RejectOrderRequest), not marked as ignorable&quot;}`

Reproduce with: 

    curl -X PUT -H 'Content-Type: application/json' -d '{&quot;reason&quot;: &quot;&quot;, &quot;&quot;: null}' http://localhost:8080/api/supplier/orders/0/cancel

2. Test Case ID: woiltP

- Undocumented HTTP status code

    Received: 400
    Documented: 200

[400] Bad Request:

    `{&quot;timestamp&quot;:&quot;2026-02-08T18:29:58.939+00:00&quot;,&quot;status&quot;:400,&quot;error&quot;:&quot;Bad Request&quot;,&quot;path&quot;:&quot;/api/supplier/orders/0/cancel&quot;}`

Reproduce with: 

    curl -X PUT -H 'Content-Type: application/json' -d '{&quot;reason&quot;: &quot;&quot;}' http://localhost:8080/api/supplier/orders/0/cancel"/>
		</testcase>
		<testcase name="PUT /api/supplier/orders/{orderId}/accept" time="0.144436">
			<failure type="failure" message="1. Test Case ID: qPlBbl

- Undocumented HTTP status code

    Received: 404
    Documented: 200

[404] Not Found:

    `{&quot;error&quot;:&quot;404 NOT_FOUND \&quot;Order not found with id: 0\&quot;&quot;}`

Reproduce with: 

    curl -X PUT http://localhost:8080/api/supplier/orders/0/accept"/>
		</testcase>
		<testcase name="GET /api/supplier/listings/{id}" time="0.160871">
			<failure type="failure" message="1. Test Case ID: 5cMzBH

- Undocumented HTTP status code

    Received: 404
    Documented: 200

[404] Not Found:

    `Listing not found with id: 0`

Reproduce with: 

    curl -X GET http://localhost:8080/api/supplier/listings/0"/>
		</testcase>
		<testcase name="PUT /api/supplier/listings/{id}" time="0.366711">
			<failure type="failure" message="1. Test Case ID: YVZM7a

- Server error

[500] Internal Server Error:

    `{&quot;error&quot;:&quot;JSON parse error: Unrecognized field \&quot;\&quot; (class com.frh.backend.Model.Listing), not marked as ignorable&quot;}`

Reproduce with: 

    curl -X PUT -H 'Content-Type: application/json' -d '{&quot;&quot;: null}' http://localhost:8080/api/supplier/listings/0

2. Test Case ID: Sqbchl

- Undocumented HTTP status code

    Received: 404
    Documented: 200

[404] Not Found:

    `Listing not found with id: 0`

Reproduce with: 

    curl -X PUT -H 'Content-Type: application/json' -d '{}' http://localhost:8080/api/supplier/listings/0"/>
		</testcase>
		<testcase name="DELETE /api/supplier/listings/{id}" time="0.161462">
			<failure type="failure" message="1. Test Case ID: uNVNol

- Undocumented HTTP status code

    Received: 404
    Documented: 200

[404] Not Found:

    `Listing not found with id: 0`

Reproduce with: 

    curl -X DELETE http://localhost:8080/api/supplier/listings/0"/>
		</testcase>
		<testcase name="PUT /api/supplier/inventory/{listingId}/adjust" time="0.400065">
			<failure type="failure" message="1. Test Case ID: H1uNIT

- Server error

[500] Internal Server Error:

    `{&quot;error&quot;:&quot;JSON parse error: Unrecognized field \&quot;\&quot; (class com.frh.backend.dto.InventoryAdjustRequest), not marked as ignorable&quot;}`

Reproduce with: 

    curl -X PUT -H 'Content-Type: application/json' -d '{&quot;delta&quot;: 0, &quot;&quot;: null}' http://localhost:8080/api/supplier/inventory/0/adjust

2. Test Case ID: HEn66h

- Undocumented HTTP status code

    Received: 404
    Documented: 200

[404] Not Found:

    `{&quot;error&quot;:&quot;Inventory not found for listing 0&quot;}`

Reproduce with: 

    curl -X PUT -H 'Content-Type: application/json' -d '{&quot;delta&quot;: 0}' http://localhost:8080/api/supplier/inventory/0/adjust"/>
		</testcase>
		<testcase name="PUT /api/stores/update/{storeId}" time="0.034690">
			<failure type="failure" message="1. Test Case ID: 80bFVu

- Undocumented HTTP status code

    Received: 404
    Documented: 200

[404] Not Found:

    `{&quot;error&quot;:&quot;Store not found&quot;}`

Reproduce with: 

    curl -X PUT -H 'Content-Type: application/json' -d '{&quot;supplierId&quot;: 5, &quot;storeName&quot;: &quot;Bakery&quot;, &quot;addressLine&quot;: 123, &quot;postalCode&quot;: 119077, &quot;lat&quot;: 1.3521, &quot;lng&quot;: 103.8198, &quot;openingHours&quot;: &quot;09:00 - 21:00&quot;}' http://localhost:8080/api/stores/update/0"/>
		</testcase>
		<testcase name="GET /api/orders/{orderId}" time="0.201779">
			<failure type="failure" message="1. Test Case ID: jRfjfG

- Undocumented HTTP status code

    Received: 404
    Documented: 200

[404] Not Found:

    `{&quot;timestamp&quot;:&quot;2026-02-08T18:30:00.614520587&quot;,&quot;status&quot;:404,&quot;message&quot;:&quot;Order not found with id: 0&quot;,&quot;errors&quot;:null}`

Reproduce with: 

    curl -X GET http://localhost:8080/api/orders/0"/>
		</testcase>
		<testcase name="PUT /api/orders/{orderId}" time="0.407831">
			<failure type="failure" message="1. Test Case ID: Cmwl5Y

- Server error

[500] Internal Server Error:

    `{&quot;error&quot;:&quot;JSON parse error: Unrecognized field \&quot;\&quot; (class com.frh.backend.Model.Order), not marked as ignorable&quot;}`

Reproduce with: 

    curl -X PUT -H 'Content-Type: application/json' -d '{&quot;&quot;: null}' http://localhost:8080/api/orders/0

2. Test Case ID: ozTI2P

- Undocumented HTTP status code

    Received: 404
    Documented: 200

[404] Not Found:

    `{&quot;timestamp&quot;:&quot;2026-02-08T18:30:01.053092077&quot;,&quot;status&quot;:404,&quot;message&quot;:&quot;Order not found with id: 0&quot;,&quot;errors&quot;:null}`

Reproduce with: 

    curl -X PUT -H 'Content-Type: application/json' -d '{}' http://localhost:8080/api/orders/0"/>
		</testcase>
		<testcase name="DELETE /api/orders/{orderId}" time="0.139903">
			<failure type="failure" message="1. Test Case ID: Lf6XpA

- Undocumented HTTP status code

    Received: 404
    Documented: 200

[404] Not Found:

    `{&quot;timestamp&quot;:&quot;2026-02-08T18:30:01.217390489&quot;,&quot;status&quot;:404,&quot;message&quot;:&quot;Order not found with id: 0&quot;,&quot;errors&quot;:null}`

Reproduce with: 

    curl -X DELETE http://localhost:8080/api/orders/0"/>
		</testcase>
		<testcase name="GET /api/consumer/profile/{consumerId}/location" time="0.138031">
			<failure type="failure" message="1. Test Case ID: vLNCQp

- Undocumented HTTP status code

    Received: 404
    Documented: 200

[404] Not Found:

    &lt;EMPTY&gt;

Reproduce with: 

    curl -X GET http://localhost:8080/api/consumer/profile/0/location"/>
		</testcase>
		<testcase name="PUT /api/consumer/profile/{consumerId}/location" time="0.207037">
			<failure type="failure" message="1. Test Case ID: OxQLaR

- Server error

[500] Internal Server Error:

    `{&quot;error&quot;:&quot;JSON parse error: Unrecognized field \&quot;\&quot; (class com.frh.backend.dto.UpdateLocationRequest), not marked as ignorable&quot;}`

Reproduce with: 

    curl -X PUT -H 'Content-Type: application/json' -d '{&quot;&quot;: null}' http://localhost:8080/api/consumer/profile/0/location

2. Test Case ID: hhb75G

- Undocumented HTTP status code

    Received: 404
    Documented: 200

[404] Not Found:

    &lt;EMPTY&gt;

Reproduce with: 

    curl -X PUT -H 'Content-Type: application/json' -d '{}' http://localhost:8080/api/consumer/profile/0/location"/>
		</testcase>
		<testcase name="GET /api/supplier/listings" time="0.055232"/>
		<testcase name="POST /api/supplier/listings" time="0.222915">
			<failure type="failure" message="1. Test Case ID: rmeyRt

- Server error

[500] Internal Server Error:

    `{&quot;error&quot;:&quot;JSON parse error: Unrecognized field \&quot;\&quot; (class com.frh.backend.Model.Listing), not marked as ignorable&quot;}`

Reproduce with: 

    curl -X POST -H 'Content-Type: application/json' -d '{&quot;&quot;: null}' http://localhost:8080/api/supplier/listings

2. Test Case ID: OaflIB

- Undocumented HTTP status code

    Received: 400
    Documented: 200

[400] Bad Request:

    `[&quot;Store is required&quot;,&quot;Title is required&quot;,&quot;Original price is required&quot;,&quot;Rescue price is required&quot;,&quot;Pickup start time is required&quot;,&quot;Pickup end time is required&quot;,&quot;Expiry time is required&quot;]`

Reproduce with: 

    curl -X POST -H 'Content-Type: application/json' -d '{}' http://localhost:8080/api/supplier/listings"/>
		</testcase>
		<testcase name="POST /api/stores/create" time="0.013603">
			<failure type="failure" message="1. Test Case ID: YBstAA

- Undocumented HTTP status code

    Received: 404
    Documented: 200

[404] Not Found:

    `{&quot;error&quot;:&quot;Supplier not found&quot;}`

Reproduce with: 

    curl -X POST -H 'Content-Type: application/json' -d '{&quot;supplierId&quot;: 5, &quot;storeName&quot;: &quot;Bakery&quot;, &quot;addressLine&quot;: 123, &quot;postalCode&quot;: 119077, &quot;lat&quot;: 1.3521, &quot;lng&quot;: 103.8198, &quot;openingHours&quot;: &quot;09:00 - 21:00&quot;}' http://localhost:8080/api/stores/create"/>
		</testcase>
		<testcase name="POST /api/pickup-tokens/{orderId}/generate-qrcode" time="2.015618">
			<failure type="failure" message="1. Test Case ID: QkfdS3

- Undocumented HTTP status code

    Received: 404
    Documented: 200

[404] Not Found:

    `{&quot;error&quot;:&quot;Order not found with id: 0&quot;}`

Reproduce with: 

    curl -X POST http://localhost:8080/api/pickup-tokens/0/generate-qrcode

2. Test Case ID: Hf9qkb

- Server error

[500] Internal Server Error:

    `{&quot;error&quot;:&quot;Method parameter 'orderId': Failed to convert value of type 'java.lang.String' to required type 'java.lang.Long'; For input string: \&quot;9223372036854775808\&quot;&quot;}`

Reproduce with: 

    curl -X POST http://localhost:8080/api/pickup-tokens/9223372036854775808/generate-qrcode"/>
		</testcase>
		<testcase name="POST /api/pickup-tokens/decode-qrcode" time="0.144954">
			<failure type="failure" message="1. Test Case ID: UU1zxb

- Server error

- Undocumented HTTP status code

    Received: 500
    Documented: 200

[500] Internal Server Error:

    `{&quot;error&quot;:&quot;Current request is not a multipart request&quot;}`

Reproduce with: 

    curl -X POST http://localhost:8080/api/pickup-tokens/decode-qrcode"/>
		</testcase>
		<testcase name="GET /api/orders" time="0.026962">
			<failure type="failure" message="1. Test Case ID: fsTfPx

- Response violates schema

    [] is not of type 'object'

    Schema:

        {
            &quot;type&quot;: &quot;object&quot;
        }

    Value:

        []

[200] OK:

    `[]`

Reproduce with: 

    curl -X GET http://localhost:8080/api/orders"/>
		</testcase>
		<testcase name="POST /api/orders" time="0.336745">
			<failure type="failure" message="1. Test Case ID: NINMWR

- Server error

[500] Internal Server Error:

    `{&quot;error&quot;:&quot;Method parameter 'pickupSlotEnd': Failed to convert value of type 'java.lang.String' to required type 'java.time.LocalDateTime'; Failed to convert from type [java.lang.String] to type [@org.springframework.web.bind.annotation.RequestParam java.time.LocalDateTime] for value [2000-01-01T00:00:00Z]&quot;}`

Reproduce with: 

    curl -X POST -H 'Cookie: [Filtered]' 'http://localhost:8080/api/orders?pickupSlotEnd=2000-01-01T00%3A00%3A00Z'

2. Test Case ID: Dpaz9f

- Undocumented HTTP status code

    Received: 401
    Documented: 200

[401] Unauthorized:

    `{&quot;timestamp&quot;:&quot;2026-02-08T18:30:04.808546551&quot;,&quot;status&quot;:401,&quot;message&quot;:&quot;User not authorised&quot;,&quot;errors&quot;:null}`

Reproduce with: 

    curl -X POST -H 'Cookie: [Filtered]' http://localhost:8080/api/orders"/>
		</testcase>
		<testcase name="POST /api/mobile/checkout/start" time="0.348299">
			<failure type="failure" message="1. Test Case ID: hiRZTD

- Server error

[500] Internal Server Error:

    `{&quot;error&quot;:&quot;JSON parse error: Unrecognized field \&quot;\&quot; (class com.frh.backend.controller.MobileCheckoutController$CheckoutRequest), not marked as ignorable&quot;}`

Reproduce with: 

    curl -X POST -H 'Content-Type: application/json' -H 'Cookie: [Filtered]' -d '{&quot;&quot;: null}' http://localhost:8080/api/mobile/checkout/start

2. Test Case ID: uk3ydY

- Undocumented HTTP status code

    Received: 401
    Documented: 200

[401] Unauthorized:

    `User not authenticated`

Reproduce with: 

    curl -X POST -H 'Content-Type: application/json' -H 'Cookie: [Filtered]' -d '{}' http://localhost:8080/api/mobile/checkout/start"/>
		</testcase>
		<testcase name="POST /api/interactions/record" time="0.236805">
			<failure type="failure" message="1. Test Case ID: Lp6s4c

- Server error

- Undocumented HTTP status code

    Received: 500
    Documented: 200

[500] Internal Server Error:

    `{&quot;success&quot;:false,&quot;error&quot;:&quot;The given id must not be null&quot;,&quot;message&quot;:&quot;Failed to record interaction&quot;}`

Reproduce with: 

    curl -X POST -H 'Content-Type: application/json' -H 'Cookie: [Filtered]' -d '{}' http://localhost:8080/api/interactions/record"/>
		</testcase>
		<testcase name="POST /api/interactions/batch" time="0.159539">
			<failure type="failure" message="1. Test Case ID: bUPs1a

- Server error

- Undocumented HTTP status code

    Received: 500
    Documented: 200

[500] Internal Server Error:

    `{&quot;success&quot;:false,&quot;error&quot;:&quot;Transaction silently rolled back because it has been marked as rollback-only&quot;,&quot;message&quot;:&quot;Failed to record batch interactions&quot;}`

Reproduce with: 

    curl -X POST -H 'Content-Type: application/json' -H 'Cookie: [Filtered]' -d '[{}]' http://localhost:8080/api/interactions/batch"/>
		</testcase>
		<testcase name="GET /api/consumer/orders" time="0.025792">
			<failure type="failure" message="1. Test Case ID: xOAlKK

- Undocumented HTTP status code

    Received: 401
    Documented: 200

[401] Unauthorized:

    &lt;EMPTY&gt;

Reproduce with: 

    curl -X GET -H 'Cookie: [Filtered]' http://localhost:8080/api/consumer/orders"/>
		</testcase>
		<testcase name="POST /api/consumer/orders" time="0.382107">
			<failure type="failure" message="1. Test Case ID: fNOyMQ

- Server error

[500] Internal Server Error:

    `{&quot;error&quot;:&quot;JSON parse error: Unrecognized field \&quot;\&quot; (class com.frh.backend.dto.CreateOrderRequest), not marked as ignorable&quot;}`

Reproduce with: 

    curl -X POST -H 'Content-Type: application/json' -H 'Cookie: [Filtered]' -d '{&quot;consumerId&quot;: 0, &quot;listingId&quot;: 0, &quot;quantity&quot;: 1, &quot;&quot;: null}' http://localhost:8080/api/consumer/orders

2. Test Case ID: OKlDkC

- Undocumented HTTP status code

    Received: 404
    Documented: 200

[404] Not Found:

    `{&quot;error&quot;:&quot;404 NOT_FOUND \&quot;Listing not found with id: 0\&quot;&quot;}`

Reproduce with: 

    curl -X POST -H 'Content-Type: application/json' -H 'Cookie: [Filtered]' -d '{&quot;consumerId&quot;: 0, &quot;listingId&quot;: 0, &quot;quantity&quot;: 1}' http://localhost:8080/api/consumer/orders"/>
		</testcase>
		<testcase name="POST /api/cart/items" time="0.215532">
			<failure type="failure" message="1. Test Case ID: RPKCuF

- Server error

- Undocumented HTTP status code

    Received: 500
    Documented: 200

[500] Internal Server Error:

    `{&quot;error&quot;:&quot;Cannot invoke \&quot;Object.toString()\&quot; because the return value of \&quot;java.util.Map.get(Object)\&quot; is null&quot;}`

Reproduce with: 

    curl -X POST -H 'Content-Type: application/json' -H 'Cookie: [Filtered]' -d '{}' http://localhost:8080/api/cart/items"/>
		</testcase>
		<testcase name="DELETE /api/cart/items" time="0.028126">
			<failure type="failure" message="1. Test Case ID: aC9oDM

- Server error

- Undocumented HTTP status code

    Received: 500
    Documented: 200

[500] Internal Server Error:

    `{&quot;error&quot;:&quot;401 UNAUTHORIZED \&quot;User not authenticated\&quot;&quot;}`

Reproduce with: 

    curl -X DELETE -H 'Cookie: [Filtered]' http://localhost:8080/api/cart/items"/>
		</testcase>
		<testcase name="POST /api/auth/register" time="0.739237">
			<failure type="failure" message="1. Test Case ID: 3lwHmp

- Server error

- Undocumented HTTP status code

    Received: 500
    Documented: 200

[500] Internal Server Error:

    `{&quot;error&quot;:&quot;Email already registered&quot;}`

Reproduce with: 

    curl -X POST -H 'Content-Type: application/json' -H 'Cookie: [Filtered]' -d '{&quot;displayName&quot;: &quot;0&quot;, &quot;email&quot;: &quot;0@A.COm&quot;, &quot;password&quot;: &quot;00000000&quot;, &quot;role&quot;: &quot;0&quot;}' http://localhost:8080/api/auth/register"/>
		</testcase>
		<testcase name="POST /api/auth/logout" time="0.012874"/>
		<testcase name="POST /api/auth/login" time="0.689885">
			<failure type="failure" message="1. Test Case ID: 7xtKr5

- Server error

[500] Internal Server Error:

    `{&quot;error&quot;:&quot;JSON parse error: Unrecognized field \&quot;\&quot; (class com.frh.backend.dto.LoginRequest), not marked as ignorable&quot;}`

Reproduce with: 

    curl -X POST -H 'Content-Type: application/json' -H 'Cookie: [Filtered]' -d '{&quot;email&quot;: &quot;0&quot;, &quot;password&quot;: &quot;0&quot;, &quot;&quot;: null}' http://localhost:8080/api/auth/login

2. Test Case ID: S8pOf7

- Undocumented HTTP status code

    Received: 401
    Documented: 200

[401] Unauthorized:

    `{&quot;error&quot;:&quot;Invalid email or password&quot;}`

Reproduce with: 

    curl -X POST -H 'Content-Type: application/json' -H 'Cookie: [Filtered]' -d '{&quot;email&quot;: &quot;0&quot;, &quot;password&quot;: &quot;0&quot;}' http://localhost:8080/api/auth/login"/>
		</testcase>
		<testcase name="PATCH /api/orders/{orderId}/status" time="0.178244">
			<failure type="failure" message="1. Test Case ID: u2avTQ

- Undocumented HTTP status code

    Received: 404
    Documented: 200

[404] Not Found:

    `{&quot;timestamp&quot;:&quot;2026-02-08T18:30:08.046117389&quot;,&quot;status&quot;:404,&quot;message&quot;:&quot;Order not found with id: 0&quot;,&quot;errors&quot;:null}`

Reproduce with: 

    curl -X PATCH -H 'Cookie: [Filtered]' 'http://localhost:8080/api/orders/0/status?status='"/>
		</testcase>
		<testcase name="PATCH /api/orders/{orderId}/cancel" time="0.165120">
			<failure type="failure" message="1. Test Case ID: x0SpLi

- Undocumented HTTP status code

    Received: 404
    Documented: 200

[404] Not Found:

    `{&quot;timestamp&quot;:&quot;2026-02-08T18:30:08.235835626&quot;,&quot;status&quot;:404,&quot;message&quot;:&quot;Order not found with id: 0&quot;,&quot;errors&quot;:null}`

Reproduce with: 

    curl -X PATCH -H 'Cookie: [Filtered]' http://localhost:8080/api/orders/0/cancel"/>
		</testcase>
		<testcase name="PATCH /api/consumer/orders/order/{orderId}/status" time="0.145760">
			<failure type="failure" message="1. Test Case ID: Hwztjq

- Undocumented HTTP status code

    Received: 401
    Documented: 200

[401] Unauthorized:

    &lt;EMPTY&gt;

Reproduce with: 

    curl -X PATCH -H 'Cookie: [Filtered]' 'http://localhost:8080/api/consumer/orders/order/0/status?status='"/>
		</testcase>
		<testcase name="DELETE /api/cart/items/{listingId}" time="0.166524">
			<failure type="failure" message="1. Test Case ID: jUr3qT

- Server error

- Undocumented HTTP status code

    Received: 500
    Documented: 200

[500] Internal Server Error:

    `{&quot;error&quot;:&quot;401 UNAUTHORIZED \&quot;User not authenticated\&quot;&quot;}`

Reproduce with: 

    curl -X DELETE -H 'Cookie: [Filtered]' http://localhost:8080/api/cart/items/0"/>
		</testcase>
		<testcase name="PATCH /api/cart/items/{listingId}" time="0.163439">
			<failure type="failure" message="1. Test Case ID: DvRqIa

- Server error

- Undocumented HTTP status code

    Received: 500
    Documented: 200

[500] Internal Server Error:

    `{&quot;error&quot;:&quot;Cannot invoke \&quot;Object.toString()\&quot; because the return value of \&quot;java.util.Map.get(Object)\&quot; is null&quot;}`

Reproduce with: 

    curl -X PATCH -H 'Content-Type: application/json' -H 'Cookie: [Filtered]' -d '{}' http://localhost:8080/api/cart/items/0"/>
		</testcase>
		<testcase name="GET /api/supplier/orders/{storeId}" time="2.070929">
			<failure type="failure" message="1. Test Case ID: KWCbgb

- Server error

- Undocumented HTTP status code

    Received: 500
    Documented: 200

[500] Internal Server Error:

    `{&quot;error&quot;:&quot;Method parameter 'storeId': Failed to convert value of type 'java.lang.String' to required type 'java.lang.Long'; For input string: \&quot;9223372036854775808\&quot;&quot;}`

Reproduce with: 

    curl -X GET -H 'Cookie: [Filtered]' http://localhost:8080/api/supplier/orders/9223372036854775808"/>
		</testcase>
		<testcase name="GET /api/supplier/listings/supplier/{supplierId}" time="2.247766">
			<failure type="failure" message="1. Test Case ID: 18Sbgc

- Server error

- Undocumented HTTP status code

    Received: 500
    Documented: 200

[500] Internal Server Error:

    `{&quot;error&quot;:&quot;Method parameter 'supplierId': Failed to convert value of type 'java.lang.String' to required type 'java.lang.Long'; For input string: \&quot;9223372036854775808\&quot;&quot;}`

Reproduce with: 

    curl -X GET -H 'Cookie: [Filtered]' http://localhost:8080/api/supplier/listings/supplier/9223372036854775808"/>
		</testcase>
		<testcase name="GET /api/supplier/inventory/{listingId}" time="0.152725">
			<failure type="failure" message="1. Test Case ID: PRgTDv

- Undocumented HTTP status code

    Received: 404
    Documented: 200

[404] Not Found:

    `{&quot;error&quot;:&quot;Inventory not found for listing 0&quot;}`

Reproduce with: 

    curl -X GET -H 'Cookie: [Filtered]' http://localhost:8080/api/supplier/inventory/0"/>
		</testcase>
		<testcase name="GET /api/stores/{storeId}" time="2.026989">
			<failure type="failure" message="1. Test Case ID: z0dqOr

- Undocumented HTTP status code

    Received: 404
    Documented: 200

[404] Not Found:

    `{&quot;error&quot;:&quot;Store not found&quot;}`

Reproduce with: 

    curl -X GET -H 'Cookie: [Filtered]' http://localhost:8080/api/stores/0

2. Test Case ID: xkVkQx

- Server error

[500] Internal Server Error:

    `{&quot;error&quot;:&quot;Method parameter 'storeId': Failed to convert value of type 'java.lang.String' to required type 'java.lang.Long'; For input string: \&quot;9223372036854775808\&quot;&quot;}`

Reproduce with: 

    curl -X GET -H 'Cookie: [Filtered]' http://localhost:8080/api/stores/9223372036854775808"/>
		</testcase>
		<testcase name="GET /api/stores/supplier/{supplierId}" time="3.096224">
			<failure type="failure" message="1. Test Case ID: lFVYwy

- Server error

- Undocumented HTTP status code

    Received: 500
    Documented: 200

[500] Internal Server Error:

    `{&quot;error&quot;:&quot;Method parameter 'supplierId': Failed to convert value of type 'java.lang.String' to required type 'java.lang.Long'; For input string: \&quot;9223372036854775808\&quot;&quot;}`

Reproduce with: 

    curl -X GET -H 'Cookie: [Filtered]' http://localhost:8080/api/stores/supplier/9223372036854775808"/>
		</testcase>
		<testcase name="GET /api/recommendations/search" time="2.045156">
			<failure type="failure" message="1. Test Case ID: 6J0dtY

- Server error

- Undocumented HTTP status code

    Received: 500
    Documented: 200

[500] Internal Server Error:

    `{&quot;error&quot;:&quot;Method parameter 'consumerId': Failed to convert value of type 'java.lang.String' to required type 'java.lang.Long'; For input string: \&quot;9223372036854775808\&quot;&quot;}`

Reproduce with: 

    curl -X GET -H 'Cookie: [Filtered]' 'http://localhost:8080/api/recommendations/search?consumerId=9223372036854775808&amp;query='"/>
		</testcase>
		<testcase name="GET /api/recommendations/homepage" time="1.609391">
			<failure type="failure" message="1. Test Case ID: yvmwCL

- Server error

- Undocumented HTTP status code

    Received: 500
    Documented: 200

[500] Internal Server Error:

    `{&quot;error&quot;:&quot;Method parameter 'topK': Failed to convert value of type 'java.lang.String' to required type 'java.lang.Integer'; For input string: \&quot;2147483648\&quot;&quot;}`

Reproduce with: 

    curl -X GET -H 'Cookie: [Filtered]' 'http://localhost:8080/api/recommendations/homepage?consumerId=0&amp;topK=2147483648'"/>
		</testcase>
		<testcase name="GET /api/recommendations/health" time="0.011949"/>
		<testcase name="GET /api/pickup-tokens/{orderId}" time="0.131753">
			<failure type="failure" message="1. Test Case ID: 38x46H

- Undocumented HTTP status code

    Received: 404
    Documented: 200

[404] Not Found:

    &lt;EMPTY&gt;

Reproduce with: 

    curl -X GET -H 'Cookie: [Filtered]' http://localhost:8080/api/pickup-tokens/0"/>
		</testcase>
		<testcase name="GET /api/people" time="0.012830"/>
		<testcase name="GET /api/orders/store/{storeId}" time="0.162680">
			<failure type="failure" message="1. Test Case ID: 5LU5xy

- Response violates schema

    [] is not of type 'object'

    Schema:

        {
            &quot;type&quot;: &quot;object&quot;
        }

    Value:

        []

[200] OK:

    `[]`

Reproduce with: 

    curl -X GET -H 'Cookie: [Filtered]' http://localhost:8080/api/orders/store/0"/>
		</testcase>
		<testcase name="GET /api/orders/store/{storeId}/status/{status}" time="2.316545">
			<failure type="failure" message="1. Test Case ID: 1748t9

- Response violates schema

    [] is not of type 'object'

    Schema:

        {
            &quot;type&quot;: &quot;object&quot;
        }

    Value:

        []

[200] OK:

    `[]`

Reproduce with: 

    curl -X GET -H 'Cookie: [Filtered]' http://localhost:8080/api/orders/store/0/status/0

2. Test Case ID: EmAORF

- Server error

- Undocumented HTTP status code

    Received: 500
    Documented: 200

[500] Internal Server Error:

    `{&quot;error&quot;:&quot;Method parameter 'storeId': Failed to convert value of type 'java.lang.String' to required type 'java.lang.Long'; For input string: \&quot;9223372036854775808\&quot;&quot;}`

Reproduce with: 

    curl -X GET -H 'Cookie: [Filtered]' http://localhost:8080/api/orders/store/9223372036854775808/status/0"/>
		</testcase>
		<testcase name="GET /api/orders/status/{status}" time="0.180257">
			<failure type="failure" message="1. Test Case ID: 0ZLKhJ

- Response violates schema

    [] is not of type 'object'

    Schema:

        {
            &quot;type&quot;: &quot;object&quot;
        }

    Value:

        []

[200] OK:

    `[]`

Reproduce with: 

    curl -X GET -H 'Cookie: [Filtered]' http://localhost:8080/api/orders/status/0"/>
		</testcase>
		<testcase name="GET /api/orders/consumer" time="0.027131">
			<failure type="failure" message="1. Test Case ID: ko83Di

- Server error

- Undocumented HTTP status code

    Received: 500
    Documented: 200

[500] Internal Server Error:

    `{&quot;error&quot;:&quot;Cannot invoke \&quot;String.equals(Object)\&quot; because \&quot;user_role\&quot; is null&quot;}`

Reproduce with: 

    curl -X GET -H 'Cookie: [Filtered]' http://localhost:8080/api/orders/consumer"/>
		</testcase>
		<testcase name="GET /api/login-safe-jdbc" time="0.444194">
			<failure type="failure" message="1. Test Case ID: V7wG2Q

- Server error

- Undocumented HTTP status code

    Received: 500
    Documented: 200

[500] Internal Server Error:

    `{&quot;timestamp&quot;:&quot;2026-02-08T18:30:27.422+00:00&quot;,&quot;status&quot;:500,&quot;error&quot;:&quot;Internal Server Error&quot;,&quot;path&quot;:&quot;/api/login-safe-jdbc&quot;}`

Reproduce with: 

    curl -X GET -H 'Cookie: [Filtered]' 'http://localhost:8080/api/login-safe-jdbc?username='"/>
		</testcase>
		<testcase name="GET /api/listings" time="0.024838"/>
		<testcase name="GET /api/listings/nearby" time="1.647435"/>
		<testcase name="GET /api/listings/category/{category}" time="0.766205">
			<failure type="failure" message="1. Test Case ID: pzCzuX

- Undocumented HTTP status code

    Received: 400
    Documented: 200

[400] Bad Request:

    `&lt;!doctype html&gt;&lt;html lang=&quot;en&quot;&gt;&lt;head&gt;&lt;title&gt;HTTP Status 400 – Bad Request&lt;/title&gt;&lt;style type=&quot;text/css&quot;&gt;body {font-family:Tahoma,Arial,sans-serif;} h1, h2, h3, b {color:white;background-color:#525D76;} h1 {font-size:22px;} h2 {font-size:16px;} h3 {font-size:14px;} p {font-size:12px;} a {color:black;} .line {height:1px;background-color:#525D76;border:none;}&lt;/style&gt;&lt;/head&gt;&lt;body&gt;&lt;h1&gt;HTTP Status 400 – Bad Request&lt;/h1&gt;&lt;/body&gt;&lt;/html&gt;`

Reproduce with: 

    curl -X GET -H 'Cookie: [Filtered]' http://localhost:8080/api/listings/category/%00"/>
		</testcase>
		<testcase name="GET /api/interactions/health" time="0.011616"/>
		<testcase name="GET /api/hello" time="0.009976"/>
		<testcase name="GET /api/consumer/{consumerId}" time="2.199275">
			<failure type="failure" message="1. Test Case ID: jZf3Ob

- Undocumented HTTP status code

    Received: 404
    Documented: 200

[404] Not Found:

    &lt;EMPTY&gt;

Reproduce with: 

    curl -X GET -H 'Cookie: [Filtered]' http://localhost:8080/api/consumer/0

2. Test Case ID: hMHQ2t

- Server error

[500] Internal Server Error:

    `{&quot;error&quot;:&quot;Method parameter 'consumerId': Failed to convert value of type 'java.lang.String' to required type 'java.lang.Long'; For input string: \&quot;9223372036854775808\&quot;&quot;}`

Reproduce with: 

    curl -X GET -H 'Cookie: [Filtered]' http://localhost:8080/api/consumer/9223372036854775808"/>
		</testcase>
		<testcase name="GET /api/consumer/orders/status/{status}" time="0.124229">
			<failure type="failure" message="1. Test Case ID: 2Xzs92

- Undocumented HTTP status code

    Received: 401
    Documented: 200

[401] Unauthorized:

    &lt;EMPTY&gt;

Reproduce with: 

    curl -X GET -H 'Cookie: [Filtered]' http://localhost:8080/api/consumer/orders/status/0"/>
		</testcase>
		<testcase name="GET /api/consumer/orders/order/{orderId}" time="0.107839">
			<failure type="failure" message="1. Test Case ID: t7ryp6

- Undocumented HTTP status code

    Received: 401
    Documented: 200

[401] Unauthorized:

    &lt;EMPTY&gt;

Reproduce with: 

    curl -X GET -H 'Cookie: [Filtered]' http://localhost:8080/api/consumer/orders/order/0"/>
		</testcase>
		<testcase name="GET /api/consumer/by-email" time="0.156998">
			<failure type="failure" message="1. Test Case ID: 0tIjbF

- Undocumented HTTP status code

    Received: 404
    Documented: 200

[404] Not Found:

    `{&quot;error&quot;:&quot;Consumer not found with email: &quot;}`

Reproduce with: 

    curl -X GET -H 'Cookie: [Filtered]' 'http://localhost:8080/api/consumer/by-email?email='"/>
		</testcase>
		<testcase name="GET /api/cart" time="0.024333">
			<failure type="failure" message="1. Test Case ID: CRU8II

- Server error

- Undocumented HTTP status code

    Received: 500
    Documented: 200

[500] Internal Server Error:

    `{&quot;error&quot;:&quot;401 UNAUTHORIZED \&quot;User not authenticated\&quot;&quot;}`

Reproduce with: 

    curl -X GET -H 'Cookie: [Filtered]' http://localhost:8080/api/cart"/>
		</testcase>
		<testcase name="GET /api/auth/me" time="0.024171">
			<failure type="failure" message="1. Test Case ID: vND6zE

- Undocumented HTTP status code

    Received: 401
    Documented: 200

[401] Unauthorized:

    `{&quot;message&quot;:&quot;Not logged in&quot;}`

Reproduce with: 

    curl -X GET -H 'Cookie: [Filtered]' http://localhost:8080/api/auth/me"/>
		</testcase>
		<testcase name="GET /api/analytics/supplier/{supplierId}/top-products" time="0.163973">
			<failure type="failure" message="1. Test Case ID: djV9Co

- Response violates schema

    [] is not of type 'object'

    Schema:

        {
            &quot;type&quot;: &quot;object&quot;
        }

    Value:

        []

[200] OK:

    `[]`

Reproduce with: 

    curl -X GET -H 'Cookie: [Filtered]' http://localhost:8080/api/analytics/supplier/0/top-products"/>
		</testcase>
		<testcase name="DELETE /api/stores/delete/{storeId}" time="0.151787">
			<failure type="failure" message="1. Test Case ID: SwCiLv

- Undocumented HTTP status code

    Received: 404
    Documented: 200

[404] Not Found:

    `{&quot;error&quot;:&quot;Store not found&quot;}`

Reproduce with: 

    curl -X DELETE -H 'Cookie: [Filtered]' http://localhost:8080/api/stores/delete/0"/>
		</testcase>
	</testsuite>
</testsuites>
